1: 00000110111010100001100010 x= -3.8109334 f=10.466375154558897
2: 10111100101110001101101111 x= 1.16037 f=7.960286291666643
3: 10101111111001010101111001 x= 0.8096554 f=6.258767251830028
4: 11011110001100111000100111 x= 2.0758174 f=20.568519434880287
5: 00000101111011011010100100 x= -3.8378965 f=10.009833422979
6: 11001100000001011010000110 x= 1.5787265 f=12.097008582650984
7: 10111011110101000000000100 x= 1.1359257 f=7.792995190956645
8: 11110100001010110010101100 x= 2.6764859 f=36.95800015248952
9: 00000101111110000001101001 x= -3.8367811 f=10.028963607505332
10: 01100000111100010000110010 x= -1.3492532 f=15.402171051171965
11: 11011000100010001111000111 x= 1.9208773 f=17.473394672485128
12: 10011111001000000011011001 x= 0.3510969 f=6.008698846876688
13: 00000110100001010011110011 x= -3.8217063 f=10.285445310900414
14: 01110001000111001110000010 x= -0.9070719 f=12.350305183011894
15: 00101000100101010101011000 x= -2.8902992 f=19.477618633176345
16: 11010101110011000110011010 x= 1.8460511 f=16.130676682882694
17: 11000010101101100011100011 x= 1.3241509 f=9.285257606701741
18: 01000001111000110100100000 x= -2.19838 f=19.667648866489998
19: 10101010100101100111000010 x= 0.6645062 f=5.960105716852256
20: 00010001001101011001000110 x= -3.5294346 f=14.52262089600476
21: 01111100101101010101001000 x= -0.5900079 f=10.198971993781818
22: 01000001110000100110011011 x= -2.201892 f=19.677057445177653
23: 00010110010001001101110100 x= -3.3910821 f=16.067104123548035
24: 10111101001000011111110111 x= 1.1715994 f=8.039728673595802
25: 00011000011100001001101111 x= -3.3317222 f=16.644649495201534

[0, 0.030844037265897288, 0.054302719321683485, 0.07274708496912896, 0.13336178400152932, 0.16286040893752804, 0.19850986522198427, 0.22147554632296476, 0.3303894651480412, 0.35994446606098707, 0.4053341191990313, 0.4568275950663767, 0.47453501797218495, 0.5048458613903646, 0.5412417737941062, 0.5986416267614391, 0.6461781602206148, 0.6735414858625223, 0.7315013512039024, 0.7490655718748196, 0.7918632218252668, 0.8219192314374415, 0.8799068235273259, 0.9272560109034259, 0.9509488068479778, 1.0]

 cromozon 1 probabilitate 0.030844037265897288
 cromozon 2 probabilitate 0.023458682055786197
 cromozon 3 probabilitate 0.018444365647445473
 cromozon 4 probabilitate 0.06061469903240035
 cromozon 5 probabilitate 0.029498624935998717
 cromozon 6 probabilitate 0.03564945628445624
 cromozon 7 probabilitate 0.0229656811009805
 cromozon 8 probabilitate 0.10891391882507642
 cromozon 9 probabilitate 0.029555000912945873
 cromozon 10 probabilitate 0.045389653138044245
 cromozon 11 probabilitate 0.05149347586734544
 cromozon 12 probabilitate 0.017707422905808255
 cromozon 13 probabilitate 0.030310843418179682
 cromozon 14 probabilitate 0.036395912403741626
 cromozon 15 probabilitate 0.057399852967332875
 cromozon 16 probabilitate 0.0475365334591757
 cromozon 17 probabilitate 0.027363325641907476
 cromozon 18 probabilitate 0.057959865341380104
 cromozon 19 probabilitate 0.017564220670917285
 cromozon 20 probabilitate 0.042797649950447214
 cromozon 21 probabilitate 0.030056009612174747
 cromozon 22 probabilitate 0.05798759208988431
 cromozon 23 probabilitate 0.047349187376100076
 cromozon 24 probabilitate 0.023692795944551908
 cromozon 25 probabilitate 0.0490511931520222
 ->> [8: 11110100001010110010101100 x= 2.6764859 f=36.95800015248952]
 u=0.2659704287989306 selectam cromozomul 8
 u=0.39010402257273125 selectam cromozomul 10
 u=0.8399709759051518 selectam cromozomul 22
 u=0.10690771971839697 selectam cromozomul 4
 u=0.9891316835173846 selectam cromozomul 25
 u=0.8053918528852086 selectam cromozomul 21
 u=0.8067663410749532 selectam cromozomul 21
 u=0.0034266319533302614 selectam cromozomul 1
 u=0.483110917216515 selectam cromozomul 13
 u=0.3712997132015321 selectam cromozomul 10
 u=0.19047530982216132 selectam cromozomul 6
 u=0.6722027844778314 selectam cromozomul 17
 u=0.05469118603880607 selectam cromozomul 3
 u=0.17195349467668097 selectam cromozomul 6
 u=0.5773109298441225 selectam cromozomul 15
 u=0.5659665028084224 selectam cromozomul 15
 u=0.6000664626771873 selectam cromozomul 16
 u=0.45706709381420574 selectam cromozomul 12
 u=0.6859411430784131 selectam cromozomul 18
 u=0.20768346372480462 selectam cromozomul 7
 u=0.32143695377107995 selectam cromozomul 8
 u=0.08907300952231167 selectam cromozomul 4
 u=0.10957922263768105 selectam cromozomul 4
 u=0.2463582702395517 selectam cromozomul 8
 Recombinare dintre cromozomii 1 si 14 
 11110100001010110010101100 10101111111001010101111001 punct 4
 Rezultat 11111111111001010101111001 10100100001010110010101100
 Recombinare dintre cromozomii 1 si 14 
 11001100000001011010000110 11110100001010110010101100 punct 22
 Rezultat 11001100000001011010001100 11110100001010110010101100
 Probabilitatea de mutatie pentru fiecare gena 0.01 
 Au fost modificati cromozonii: 
1: 11110100001010110010101100 x= 2.6764859 f=36.95800015248952
2: 01100000111100010000110010 x= -1.3492532 f=15.402171051171965
3: 01000001110000100110011011 x= -2.201892 f=19.677057445177653
4: 11011110001100111000100111 x= 2.0758174 f=20.568519434880287
5: 00011000011100001001101111 x= -3.3317222 f=16.644649495201534
6: 01111100101101010101001000 x= -0.5900079 f=10.198971993781818
7: 01111100101101010101001000 x= -0.5900079 f=10.198971993781818
8: 00000110111010100001100010 x= -3.8109334 f=10.466375154558897
9: 00000110100001010011110011 x= -3.8217063 f=10.285445310900414
10: 01100000111100010000110010 x= -1.3492532 f=15.402171051171965
11: 11001100000001011010000110 x= 1.5787265 f=12.097008582650984
12: 11000010101101100011100011 x= 1.3241509 f=9.285257606701741
13: 00101000100101010101011000 x= -2.8902992 f=19.477618633176345
14: 00101000100101010101011000 x= -2.8902992 f=19.477618633176345
15: 11010101110011000110011010 x= 1.8460511 f=16.130676682882694
16: 10011111001000000011011001 x= 0.3510969 f=6.008698846876688
17: 01000001111000110100100000 x= -2.19838 f=19.667648866489998
18: 10111011110101000000000100 x= 1.1359257 f=7.792995190956645
19: 11011110001100111000100111 x= 2.0758174 f=20.568519434880287
20: 11011110001100111000100111 x= 2.0758174 f=20.568519434880287
21: 11111111111001010101111001 x= 2.9971555 f=48.88347327915736
22: 10100100001010110010101100 x= 0.4889859 f=5.878298084485037
23: 11001100000001011010001100 x= 1.5787271 f=12.097016687077442
24: 11110100001010110010101100 x= 2.6764859 f=36.95800015248952
25: 11110100001010110010100110 x= 2.6764853 f=36.9579791554885

18.306066494179426
26.029501496480506
34.4183664798837
39.161821864533415
44.852814181840934
46.49844542523752
48.88350760611127
48.79539720554004
48.619200655279336
48.795474740052484
46.841526488433075
48.79687532489087
48.799725823057905
48.889243154191256
48.89206857406312
48.889264502143426
48.89346267025654
48.88506600989435
48.89905442119103
48.90325327242861
48.90183748809198
48.27085933437972
48.89762292501322
48.27118334938231
48.896199626318214
48.8136503322165
48.8136503322165
48.90599533960153
48.90881871079205
48.910226301750555
48.91164208746613
48.911653017437885
48.91444359459249
48.91303600363399
48.870021101432116
48.86722744536326
48.73670848345604
48.64506950015143
48.557653273154074
48.64369745350995
48.73116266779101
48.35530255470027
48.78401792600417
48.782626400592925
48.91870172897372
48.9187401741125
48.91881398857613
48.91882765794203
48.91883585952951
48.918923343367051: 11010101010010100101000100 x= 1.8321566 f=15.891947736060377
2: 01011110010010110111011101 x= -1.4216269 f=15.876435632399092
3: 01010011000100110101010101 x= -1.7284038 f=17.712355480531205
4: 10001011101000100110010010 x= -0.1818733 f=7.820710877677684
5: 01000110010110011111011110 x= -2.076328 f=19.287389357082862
6: 10000010111101101001110011 x= -0.4189715 f=9.12895176908152
7: 10101100001010111110011101 x= 0.7078144 f=6.026362044588399
8: 00111110010111111000001000 x= -2.2944862 f=19.892239846767843
9: 01011101011000101111010000 x= -1.4464619 f=16.03624069917396
10: 01000001111110110000110101 x= -2.1958411 f=19.660791688237822
11: 00101110101010111101110110 x= -2.7238303 f=19.94429367435847
12: 00010110110000011111101101 x= -3.3777181 f=16.20149494367191
13: 00100100010011101100110011 x= -3.0072083 f=18.96364658145905
14: 00010000101001011001011100 x= -3.5448131 f=14.333294603728874
15: 10100111110011001010110110 x= 0.5882682 f=5.888681443417549
16: 00110101110101001100111101 x= -2.5280508 f=20.128449815504545
17: 01010110000000000110010100 x= -1.6483954 f=17.266171180464198
18: 00001001011010010010000001 x= -3.7426776 f=11.56755350212633
19: 01111000101011100111111010 x= -0.700112 f=10.927753541362724
20: 00100000100000110001011111 x= -3.1109978 f=18.369720585064986
21: 10100111001011110111010100 x= 0.5714752 f=5.8804855456467715
22: 01100111001111000110010010 x= -1.1771431 f=14.234442900663764
23: 11011100110000101001000011 x= 2.0364069 f=19.740115828459533
24: 01000100000010010010000110 x= -2.1396497 f=19.497369202946416
25: 10100000010000011101001101 x= 0.3820309 f=5.9654756524596815

[0, 0.04339188706299739, 0.08674141937745425, 0.13510380650555354, 0.15645772792492207, 0.20912063838891465, 0.23404662296591494, 0.25050119641295415, 0.3048156101775054, 0.34860147940451425, 0.40228393964627074, 0.4567404828618825, 0.5009775676121884, 0.5527565203517635, 0.5918926105916282, 0.60797125648114, 0.6629306255687774, 0.7100747366819198, 0.7416591581446521, 0.7714966491428845, 0.8216539271710062, 0.8377101947166953, 0.8765763770757499, 0.9304754265104132, 0.9837116727233362, 0.9999999999999999]

 cromozon 1 probabilitate 0.04339188706299739
 cromozon 2 probabilitate 0.043349532314456866
 cromozon 3 probabilitate 0.04836238712809928
 cromozon 4 probabilitate 0.02135392141936855
 cromozon 5 probabilitate 0.05266291046399259
 cromozon 6 probabilitate 0.02492598457700028
 cromozon 7 probabilitate 0.016454573447039204
 cromozon 8 probabilitate 0.05431441376455124
 cromozon 9 probabilitate 0.043785869227008826
 cromozon 10 probabilitate 0.05368246024175649
 cromozon 11 probabilitate 0.054456543215611795
 cromozon 12 probabilitate 0.04423708475030589
 cromozon 13 probabilitate 0.051778952739575085
 cromozon 14 probabilitate 0.039136090239864744
 cromozon 15 probabilitate 0.016078645889511748
 cromozon 16 probabilitate 0.05495936908763727
 cromozon 17 probabilitate 0.047144111113142435
 cromozon 18 probabilitate 0.03158442146273232
 cromozon 19 probabilitate 0.02983749099823239
 cromozon 20 probabilitate 0.050157278028121616
 cromozon 21 probabilitate 0.01605626754568908
 cromozon 22 probabilitate 0.03886618235905456
 cromozon 23 probabilitate 0.05389904943466326
 cromozon 24 probabilitate 0.053236246212922986
 cromozon 25 probabilitate 0.016288327276664013
 ->> [16: 00110101110101001100111101 x= -2.5280508 f=20.128449815504545]
 u=0.784885513598201 selectam cromozomul 20
 u=0.40225872121720474 selectam cromozomul 10
 u=0.7840470414269016 selectam cromozomul 20
 u=0.09979538613277605 selectam cromozomul 3
 u=0.14471792620834456 selectam cromozomul 4
 u=0.6993970847481841 selectam cromozomul 17
 u=0.25122250408059 selectam cromozomul 8
 u=0.37647352477569174 selectam cromozomul 10
 u=0.26811163364206647 selectam cromozomul 8
 u=0.5375055330725351 selectam cromozomul 13
 u=0.9034134472463786 selectam cromozomul 23
 u=0.900267254602226 selectam cromozomul 23
 u=0.4576202483160057 selectam cromozomul 12
 u=0.22924457310563884 selectam cromozomul 6
 u=0.26168554775754893 selectam cromozomul 8
 u=0.6126720511770817 selectam cromozomul 16
 u=0.6967780062222906 selectam cromozomul 17
 u=0.4660198196261979 selectam cromozomul 12
 u=0.6285959862762803 selectam cromozomul 16
 u=0.19324677050574735 selectam cromozomul 5
 u=0.2844682995409672 selectam cromozomul 8
 u=0.7125968593752549 selectam cromozomul 18
 u=0.2375714014168847 selectam cromozomul 7
 u=0.10791050685815706 selectam cromozomul 3
 Recombinare dintre cromozomii 4 si 10 
 00100000100000110001011111 00111110010111111000001000 punct 22
 Rezultat 00100000100000110001011000 00111110010111111000001111
 Recombinare dintre cromozomii 4 si 10 
 11011100110000101001000011 00111110010111111000001000 punct 22
 Rezultat 11011100110000101001001000 00111110010111111000001000
 Probabilitatea de mutatie pentru fiecare gena 0.01 
 Au fost modificati cromozonii: 
1: 00110101110101001100111101 x= -2.5280508 f=20.128449815504545
2: 00100000100000110001011111 x= -3.1109978 f=18.369720585064986
3: 01000001111110110000110101 x= -2.1958411 f=19.660791688237822
4: 01010011000100110101010101 x= -1.7284038 f=17.712355480531205
5: 10001011101000100110010010 x= -0.1818733 f=7.820710877677684
6: 01010110000000000110010100 x= -1.6483954 f=17.266171180464198
7: 00111110010111111000001000 x= -2.2944862 f=19.892239846767843
8: 01000001111110110000110101 x= -2.1958411 f=19.660791688237822
9: 00100100010011101100110011 x= -3.0072083 f=18.96364658145905
10: 11011100110000101001000011 x= 2.0364069 f=19.740115828459533
11: 00010110110000011111101101 x= -3.3777181 f=16.20149494367191
12: 10000010111101101001110011 x= -0.4189715 f=9.12895176908152
13: 00110101110101001100111101 x= -2.5280508 f=20.128449815504545
14: 01010110000000000110010100 x= -1.6483954 f=17.266171180464198
15: 00010110110000011111101101 x= -3.3777181 f=16.20149494367191
16: 00110101110101001100111101 x= -2.5280508 f=20.128449815504545
17: 01000110010110011111011110 x= -2.076328 f=19.287389357082862
18: 00001001011010010010000001 x= -3.7426776 f=11.56755350212633
19: 10101100001010111110011101 x= 0.7078144 f=6.026362044588399
20: 01010011000100110101010101 x= -1.7284038 f=17.712355480531205
21: 00100000100000110001011000 x= -3.1109985 f=18.369715934739908
22: 00111110010111111000001111 x= -2.2944855 f=19.89223840622686
23: 11011100110000101001001000 x= 2.0364074 f=19.74012660312725
24: 00111110010111111000001000 x= -2.2944862 f=19.892239846767843
25: 00111110010111111000000011 x= -2.2944867 f=19.892240875723147

17.226009123648684
18.842428626850143
19.567141943306538
19.56638249289918
19.47533682184615
19.32372893166337
19.87729216991271
19.95653655279878
20.011988653681783
19.99629489259342